Build started 2015/4/7 下午 08:28:26.
     1>Project "D:\DC\Github\Computer-Animation\Motion Capture Interpolation\IDE-starter\VS2010\mocapPlayer\mocapPlayer.vcxproj" on node 2 (Build target(s)).
     1>ClCompile:
         C:\Program Files (x86)\Microsoft Visual Studio 12.0\VC\bin\CL.exe /c /Zi /nologo /W3 /WX- /O2 /Oi /Oy- /GL /D WIN32 /D NDEBUG /D _CONSOLE /D _UNICODE /D UNICODE /Gm- /EHsc /MD /GS /Gy /fp:precise /Zc:wchar_t /Zc:forScope /Fo"Release\\" /Fd"Release\vc120.pdb" /Gd /TP /analyze- /errorReport:prompt "..\..\..\mocapPlayer-starter\displaySkeleton.cpp" "..\..\..\mocapPlayer-starter\interface.cpp" "..\..\..\mocapPlayer-starter\mocapPlayer.cpp"
         displaySkeleton.cpp
         interface.cpp
         mocapPlayer.cpp
       Link:
         C:\Program Files (x86)\Microsoft Visual Studio 12.0\VC\bin\link.exe /ERRORREPORT:PROMPT /OUT:"D:\DC\Github\Computer-Animation\Motion Capture Interpolation\IDE-starter\VS2010\Release\mocapPlayer.exe" /INCREMENTAL:NO /NOLOGO glu32.lib opengl32.lib comctl32.lib wsock32.lib fltk.lib fltkgl.lib kernel32.lib user32.lib gdi32.lib winspool.lib comdlg32.lib advapi32.lib shell32.lib ole32.lib oleaut32.lib uuid.lib odbc32.lib odbccp32.lib /MANIFEST /MANIFESTUAC:"level='asInvoker' uiAccess='false'" /manifest:embed /DEBUG /PDB:"D:\DC\Github\Computer-Animation\Motion Capture Interpolation\IDE-starter\VS2010\Release\mocapPlayer.pdb" /SUBSYSTEM:CONSOLE /OPT:REF /OPT:ICF /LTCG /TLBID:1 /DYNAMICBASE /NXCOMPAT /IMPLIB:"D:\DC\Github\Computer-Animation\Motion Capture Interpolation\IDE-starter\VS2010\Release\mocapPlayer.lib" /MACHINE:X86 /SAFESEH Release\displaySkeleton.obj
         Release\interface.obj
         Release\mocapPlayer.obj
         Release\motion.obj
         Release\performanceCounter.obj
         Release\pic.obj
         Release\posture.obj
         Release\ppm.obj
         Release\quaternion.obj
         Release\skeleton.obj
         Release\transform.obj
         Release\vector.obj
         Generating code
         Finished generating code
     1>fltk.lib(case.obj) : warning LNK4099: PDB 'vc120.pdb' was not found with 'fltk.lib(case.obj)' or at 'D:\DC\Github\Computer-Animation\Motion Capture Interpolation\IDE-starter\VS2010\Release\vc120.pdb'; linking object as if no debug info
     1>fltk.lib(filename_absolute.obj) : warning LNK4099: PDB 'vc120.pdb' was not found with 'fltk.lib(filename_absolute.obj)' or at 'D:\DC\Github\Computer-Animation\Motion Capture Interpolation\IDE-starter\VS2010\Release\vc120.pdb'; linking object as if no debug info
     1>fltk.lib(filename_expand.obj) : warning LNK4099: PDB 'vc120.pdb' was not found with 'fltk.lib(filename_expand.obj)' or at 'D:\DC\Github\Computer-Animation\Motion Capture Interpolation\IDE-starter\VS2010\Release\vc120.pdb'; linking object as if no debug info
     1>fltk.lib(filename_isdir.obj) : warning LNK4099: PDB 'vc120.pdb' was not found with 'fltk.lib(filename_isdir.obj)' or at 'D:\DC\Github\Computer-Animation\Motion Capture Interpolation\IDE-starter\VS2010\Release\vc120.pdb'; linking object as if no debug info
     1>fltk.lib(filename_list.obj) : warning LNK4099: PDB 'vc120.pdb' was not found with 'fltk.lib(filename_list.obj)' or at 'D:\DC\Github\Computer-Animation\Motion Capture Interpolation\IDE-starter\VS2010\Release\vc120.pdb'; linking object as if no debug info
     1>fltk.lib(filename_match.obj) : warning LNK4099: PDB 'vc120.pdb' was not found with 'fltk.lib(filename_match.obj)' or at 'D:\DC\Github\Computer-Animation\Motion Capture Interpolation\IDE-starter\VS2010\Release\vc120.pdb'; linking object as if no debug info
     1>fltk.lib(Fl.obj) : warning LNK4099: PDB 'vc120.pdb' was not found with 'fltk.lib(Fl.obj)' or at 'D:\DC\Github\Computer-Animation\Motion Capture Interpolation\IDE-starter\VS2010\Release\vc120.pdb'; linking object as if no debug info
     1>fltk.lib(Fl_abort.obj) : warning LNK4099: PDB 'vc120.pdb' was not found with 'fltk.lib(Fl_abort.obj)' or at 'D:\DC\Github\Computer-Animation\Motion Capture Interpolation\IDE-starter\VS2010\Release\vc120.pdb'; linking object as if no debug info
     1>fltk.lib(Fl_add_idle.obj) : warning LNK4099: PDB 'vc120.pdb' was not found with 'fltk.lib(Fl_add_idle.obj)' or at 'D:\DC\Github\Computer-Animation\Motion Capture Interpolation\IDE-starter\VS2010\Release\vc120.pdb'; linking object as if no debug info
     1>fltk.lib(fl_arc.obj) : warning LNK4099: PDB 'vc120.pdb' was not found with 'fltk.lib(fl_arc.obj)' or at 'D:\DC\Github\Computer-Animation\Motion Capture Interpolation\IDE-starter\VS2010\Release\vc120.pdb'; linking object as if no debug info
     1>fltk.lib(fl_arci.obj) : warning LNK4099: PDB 'vc120.pdb' was not found with 'fltk.lib(fl_arci.obj)' or at 'D:\DC\Github\Computer-Animation\Motion Capture Interpolation\IDE-starter\VS2010\Release\vc120.pdb'; linking object as if no debug info
     1>fltk.lib(fl_ask.obj) : warning LNK4099: PDB 'vc120.pdb' was not found with 'fltk.lib(fl_ask.obj)' or at 'D:\DC\Github\Computer-Animation\Motion Capture Interpolation\IDE-starter\VS2010\Release\vc120.pdb'; linking object as if no debug info
     1>fltk.lib(Fl_Bitmap.obj) : warning LNK4099: PDB 'vc120.pdb' was not found with 'fltk.lib(Fl_Bitmap.obj)' or at 'D:\DC\Github\Computer-Animation\Motion Capture Interpolation\IDE-starter\VS2010\Release\vc120.pdb'; linking object as if no debug info
     1>fltk.lib(Fl_Box.obj) : warning LNK4099: PDB 'vc120.pdb' was not found with 'fltk.lib(Fl_Box.obj)' or at 'D:\DC\Github\Computer-Animation\Motion Capture Interpolation\IDE-starter\VS2010\Release\vc120.pdb'; linking object as if no debug info
     1>fltk.lib(fl_boxtype.obj) : warning LNK4099: PDB 'vc120.pdb' was not found with 'fltk.lib(fl_boxtype.obj)' or at 'D:\DC\Github\Computer-Animation\Motion Capture Interpolation\IDE-starter\VS2010\Release\vc120.pdb'; linking object as if no debug info
     1>fltk.lib(Fl_Browser.obj) : warning LNK4099: PDB 'vc120.pdb' was not found with 'fltk.lib(Fl_Browser.obj)' or at 'D:\DC\Github\Computer-Animation\Motion Capture Interpolation\IDE-starter\VS2010\Release\vc120.pdb'; linking object as if no debug info
     1>fltk.lib(Fl_Browser_.obj) : warning LNK4099: PDB 'vc120.pdb' was not found with 'fltk.lib(Fl_Browser_.obj)' or at 'D:\DC\Github\Computer-Animation\Motion Capture Interpolation\IDE-starter\VS2010\Release\vc120.pdb'; linking object as if no debug info
     1>fltk.lib(Fl_Button.obj) : warning LNK4099: PDB 'vc120.pdb' was not found with 'fltk.lib(Fl_Button.obj)' or at 'D:\DC\Github\Computer-Animation\Motion Capture Interpolation\IDE-starter\VS2010\Release\vc120.pdb'; linking object as if no debug info
     1>fltk.lib(Fl_Check_Button.obj) : warning LNK4099: PDB 'vc120.pdb' was not found with 'fltk.lib(Fl_Check_Button.obj)' or at 'D:\DC\Github\Computer-Animation\Motion Capture Interpolation\IDE-starter\VS2010\Release\vc120.pdb'; linking object as if no debug info
     1>fltk.lib(Fl_Choice.obj) : warning LNK4099: PDB 'vc120.pdb' was not found with 'fltk.lib(Fl_Choice.obj)' or at 'D:\DC\Github\Computer-Animation\Motion Capture Interpolation\IDE-starter\VS2010\Release\vc120.pdb'; linking object as if no debug info
     1>fltk.lib(fl_color.obj) : warning LNK4099: PDB 'vc120.pdb' was not found with 'fltk.lib(fl_color.obj)' or at 'D:\DC\Github\Computer-Animation\Motion Capture Interpolation\IDE-starter\VS2010\Release\vc120.pdb'; linking object as if no debug info
     1>fltk.lib(Fl_compose.obj) : warning LNK4099: PDB 'vc120.pdb' was not found with 'fltk.lib(Fl_compose.obj)' or at 'D:\DC\Github\Computer-Animation\Motion Capture Interpolation\IDE-starter\VS2010\Release\vc120.pdb'; linking object as if no debug info
     1>fltk.lib(fl_cursor.obj) : warning LNK4099: PDB 'vc120.pdb' was not found with 'fltk.lib(fl_cursor.obj)' or at 'D:\DC\Github\Computer-Animation\Motion Capture Interpolation\IDE-starter\VS2010\Release\vc120.pdb'; linking object as if no debug info
     1>fltk.lib(fl_curve.obj) : warning LNK4099: PDB 'vc120.pdb' was not found with 'fltk.lib(fl_curve.obj)' or at 'D:\DC\Github\Computer-Animation\Motion Capture Interpolation\IDE-starter\VS2010\Release\vc120.pdb'; linking object as if no debug info
     1>fltk.lib(Fl_Device.obj) : warning LNK4099: PDB 'vc120.pdb' was not found with 'fltk.lib(Fl_Device.obj)' or at 'D:\DC\Github\Computer-Animation\Motion Capture Interpolation\IDE-starter\VS2010\Release\vc120.pdb'; linking object as if no debug info
     1>fltk.lib(fl_dnd.obj) : warning LNK4099: PDB 'vc120.pdb' was not found with 'fltk.lib(fl_dnd.obj)' or at 'D:\DC\Github\Computer-Animation\Motion Capture Interpolation\IDE-starter\VS2010\Release\vc120.pdb'; linking object as if no debug info
     1>fltk.lib(Fl_Double_Window.obj) : warning LNK4099: PDB 'vc120.pdb' was not found with 'fltk.lib(Fl_Double_Window.obj)' or at 'D:\DC\Github\Computer-Animation\Motion Capture Interpolation\IDE-starter\VS2010\Release\vc120.pdb'; linking object as if no debug info
     1>fltk.lib(fl_draw.obj) : warning LNK4099: PDB 'vc120.pdb' was not found with 'fltk.lib(fl_draw.obj)' or at 'D:\DC\Github\Computer-Animation\Motion Capture Interpolation\IDE-starter\VS2010\Release\vc120.pdb'; linking object as if no debug info
     1>fltk.lib(fl_draw_image.obj) : warning LNK4099: PDB 'vc120.pdb' was not found with 'fltk.lib(fl_draw_image.obj)' or at 'D:\DC\Github\Computer-Animation\Motion Capture Interpolation\IDE-starter\VS2010\Release\vc120.pdb'; linking object as if no debug info
     1>fltk.lib(fl_draw_pixmap.obj) : warning LNK4099: PDB 'vc120.pdb' was not found with 'fltk.lib(fl_draw_pixmap.obj)' or at 'D:\DC\Github\Computer-Animation\Motion Capture Interpolation\IDE-starter\VS2010\Release\vc120.pdb'; linking object as if no debug info
     1>fltk.lib(Fl_File_Browser.obj) : warning LNK4099: PDB 'vc120.pdb' was not found with 'fltk.lib(Fl_File_Browser.obj)' or at 'D:\DC\Github\Computer-Animation\Motion Capture Interpolation\IDE-starter\VS2010\Release\vc120.pdb'; linking object as if no debug info
     1>fltk.lib(Fl_File_Chooser.obj) : warning LNK4099: PDB 'vc120.pdb' was not found with 'fltk.lib(Fl_File_Chooser.obj)' or at 'D:\DC\Github\Computer-Animation\Motion Capture Interpolation\IDE-starter\VS2010\Release\vc120.pdb'; linking object as if no debug info
     1>fltk.lib(Fl_File_Chooser2.obj) : warning LNK4099: PDB 'vc120.pdb' was not found with 'fltk.lib(Fl_File_Chooser2.obj)' or at 'D:\DC\Github\Computer-Animation\Motion Capture Interpolation\IDE-starter\VS2010\Release\vc120.pdb'; linking object as if no debug info
     1>fltk.lib(fl_file_dir.obj) : warning LNK4099: PDB 'vc120.pdb' was not found with 'fltk.lib(fl_file_dir.obj)' or at 'D:\DC\Github\Computer-Animation\Motion Capture Interpolation\IDE-starter\VS2010\Release\vc120.pdb'; linking object as if no debug info
     1>fltk.lib(Fl_File_Icon.obj) : warning LNK4099: PDB 'vc120.pdb' was not found with 'fltk.lib(Fl_File_Icon.obj)' or at 'D:\DC\Github\Computer-Animation\Motion Capture Interpolation\IDE-starter\VS2010\Release\vc120.pdb'; linking object as if no debug info
     1>fltk.lib(Fl_File_Input.obj) : warning LNK4099: PDB 'vc120.pdb' was not found with 'fltk.lib(Fl_File_Input.obj)' or at 'D:\DC\Github\Computer-Animation\Motion Capture Interpolation\IDE-starter\VS2010\Release\vc120.pdb'; linking object as if no debug info
     1>fltk.lib(fl_font.obj) : warning LNK4099: PDB 'vc120.pdb' was not found with 'fltk.lib(fl_font.obj)' or at 'D:\DC\Github\Computer-Animation\Motion Capture Interpolation\IDE-starter\VS2010\Release\vc120.pdb'; linking object as if no debug info
     1>fltk.lib(Fl_get_system_colors.obj) : warning LNK4099: PDB 'vc120.pdb' was not found with 'fltk.lib(Fl_get_system_colors.obj)' or at 'D:\DC\Github\Computer-Animation\Motion Capture Interpolation\IDE-starter\VS2010\Release\vc120.pdb'; linking object as if no debug info
     1>fltk.lib(Fl_grab.obj) : warning LNK4099: PDB 'vc120.pdb' was not found with 'fltk.lib(Fl_grab.obj)' or at 'D:\DC\Github\Computer-Animation\Motion Capture Interpolation\IDE-starter\VS2010\Release\vc120.pdb'; linking object as if no debug info
     1>fltk.lib(Fl_Group.obj) : warning LNK4099: PDB 'vc120.pdb' was not found with 'fltk.lib(Fl_Group.obj)' or at 'D:\DC\Github\Computer-Animation\Motion Capture Interpolation\IDE-starter\VS2010\Release\vc120.pdb'; linking object as if no debug info
     1>fltk.lib(fl_gtk.obj) : warning LNK4099: PDB 'vc120.pdb' was not found with 'fltk.lib(fl_gtk.obj)' or at 'D:\DC\Github\Computer-Animation\Motion Capture Interpolation\IDE-starter\VS2010\Release\vc120.pdb'; linking object as if no debug info
     1>fltk.lib(Fl_Image.obj) : warning LNK4099: PDB 'vc120.pdb' was not found with 'fltk.lib(Fl_Image.obj)' or at 'D:\DC\Github\Computer-Animation\Motion Capture Interpolation\IDE-starter\VS2010\Release\vc120.pdb'; linking object as if no debug info
     1>fltk.lib(Fl_Input.obj) : warning LNK4099: PDB 'vc120.pdb' was not found with 'fltk.lib(Fl_Input.obj)' or at 'D:\DC\Github\Computer-Animation\Motion Capture Interpolation\IDE-starter\VS2010\Release\vc120.pdb'; linking object as if no debug info
     1>fltk.lib(Fl_Input_.obj) : warning LNK4099: PDB 'vc120.pdb' was not found with 'fltk.lib(Fl_Input_.obj)' or at 'D:\DC\Github\Computer-Animation\Motion Capture Interpolation\IDE-starter\VS2010\Release\vc120.pdb'; linking object as if no debug info
     1>fltk.lib(fl_labeltype.obj) : warning LNK4099: PDB 'vc120.pdb' was not found with 'fltk.lib(fl_labeltype.obj)' or at 'D:\DC\Github\Computer-Animation\Motion Capture Interpolation\IDE-starter\VS2010\Release\vc120.pdb'; linking object as if no debug info
     1>fltk.lib(Fl_Light_Button.obj) : warning LNK4099: PDB 'vc120.pdb' was not found with 'fltk.lib(Fl_Light_Button.obj)' or at 'D:\DC\Github\Computer-Animation\Motion Capture Interpolation\IDE-starter\VS2010\Release\vc120.pdb'; linking object as if no debug info
     1>fltk.lib(fl_line_style.obj) : warning LNK4099: PDB 'vc120.pdb' was not found with 'fltk.lib(fl_line_style.obj)' or at 'D:\DC\Github\Computer-Animation\Motion Capture Interpolation\IDE-starter\VS2010\Release\vc120.pdb'; linking object as if no debug info
     1>fltk.lib(Fl_lock.obj) : warning LNK4099: PDB 'vc120.pdb' was not found with 'fltk.lib(Fl_lock.obj)' or at 'D:\DC\Github\Computer-Animation\Motion Capture Interpolation\IDE-starter\VS2010\Release\vc120.pdb'; linking object as if no debug info
     1>fltk.lib(Fl_Menu.obj) : warning LNK4099: PDB 'vc120.pdb' was not found with 'fltk.lib(Fl_Menu.obj)' or at 'D:\DC\Github\Computer-Animation\Motion Capture Interpolation\IDE-starter\VS2010\Release\vc120.pdb'; linking object as if no debug info
     1>fltk.lib(Fl_Menu_.obj) : warning LNK4099: PDB 'vc120.pdb' was not found with 'fltk.lib(Fl_Menu_.obj)' or at 'D:\DC\Github\Computer-Animation\Motion Capture Interpolation\IDE-starter\VS2010\Release\vc120.pdb'; linking object as if no debug info
     1>fltk.lib(Fl_Menu_add.obj) : warning LNK4099: PDB 'vc120.pdb' was not found with 'fltk.lib(Fl_Menu_add.obj)' or at 'D:\DC\Github\Computer-Animation\Motion Capture Interpolation\IDE-starter\VS2010\Release\vc120.pdb'; linking object as if no debug info
     1>fltk.lib(Fl_Menu_Button.obj) : warning LNK4099: PDB 'vc120.pdb' was not found with 'fltk.lib(Fl_Menu_Button.obj)' or at 'D:\DC\Github\Computer-Animation\Motion Capture Interpolation\IDE-starter\VS2010\Release\vc120.pdb'; linking object as if no debug info
     1>fltk.lib(Fl_Menu_Window.obj) : warning LNK4099: PDB 'vc120.pdb' was not found with 'fltk.lib(Fl_Menu_Window.obj)' or at 'D:\DC\Github\Computer-Animation\Motion Capture Interpolation\IDE-starter\VS2010\Release\vc120.pdb'; linking object as if no debug info
     1>fltk.lib(Fl_Overlay_Window.obj) : warning LNK4099: PDB 'vc120.pdb' was not found with 'fltk.lib(Fl_Overlay_Window.obj)' or at 'D:\DC\Github\Computer-Animation\Motion Capture Interpolation\IDE-starter\VS2010\Release\vc120.pdb'; linking object as if no debug info
     1>fltk.lib(Fl_Pixmap.obj) : warning LNK4099: PDB 'vc120.pdb' was not found with 'fltk.lib(Fl_Pixmap.obj)' or at 'D:\DC\Github\Computer-Animation\Motion Capture Interpolation\IDE-starter\VS2010\Release\vc120.pdb'; linking object as if no debug info
     1>fltk.lib(fl_plastic.obj) : warning LNK4099: PDB 'vc120.pdb' was not found with 'fltk.lib(fl_plastic.obj)' or at 'D:\DC\Github\Computer-Animation\Motion Capture Interpolation\IDE-starter\VS2010\Release\vc120.pdb'; linking object as if no debug info
     1>fltk.lib(Fl_Preferences.obj) : warning LNK4099: PDB 'vc120.pdb' was not found with 'fltk.lib(Fl_Preferences.obj)' or at 'D:\DC\Github\Computer-Animation\Motion Capture Interpolation\IDE-starter\VS2010\Release\vc120.pdb'; linking object as if no debug info
     1>fltk.lib(fl_read_image.obj) : warning LNK4099: PDB 'vc120.pdb' was not found with 'fltk.lib(fl_read_image.obj)' or at 'D:\DC\Github\Computer-Animation\Motion Capture Interpolation\IDE-starter\VS2010\Release\vc120.pdb'; linking object as if no debug info
     1>fltk.lib(fl_rect.obj) : warning LNK4099: PDB 'vc120.pdb' was not found with 'fltk.lib(fl_rect.obj)' or at 'D:\DC\Github\Computer-Animation\Motion Capture Interpolation\IDE-starter\VS2010\Release\vc120.pdb'; linking object as if no debug info
     1>fltk.lib(Fl_Repeat_Button.obj) : warning LNK4099: PDB 'vc120.pdb' was not found with 'fltk.lib(Fl_Repeat_Button.obj)' or at 'D:\DC\Github\Computer-Animation\Motion Capture Interpolation\IDE-starter\VS2010\Release\vc120.pdb'; linking object as if no debug info
     1>fltk.lib(Fl_Return_Button.obj) : warning LNK4099: PDB 'vc120.pdb' was not found with 'fltk.lib(Fl_Return_Button.obj)' or at 'D:\DC\Github\Computer-Animation\Motion Capture Interpolation\IDE-starter\VS2010\Release\vc120.pdb'; linking object as if no debug info
     1>fltk.lib(fl_round_box.obj) : warning LNK4099: PDB 'vc120.pdb' was not found with 'fltk.lib(fl_round_box.obj)' or at 'D:\DC\Github\Computer-Animation\Motion Capture Interpolation\IDE-starter\VS2010\Release\vc120.pdb'; linking object as if no debug info
     1>fltk.lib(Fl_Scrollbar.obj) : warning LNK4099: PDB 'vc120.pdb' was not found with 'fltk.lib(Fl_Scrollbar.obj)' or at 'D:\DC\Github\Computer-Animation\Motion Capture Interpolation\IDE-starter\VS2010\Release\vc120.pdb'; linking object as if no debug info
     1>fltk.lib(Fl_Shared_Image.obj) : warning LNK4099: PDB 'vc120.pdb' was not found with 'fltk.lib(Fl_Shared_Image.obj)' or at 'D:\DC\Github\Computer-Animation\Motion Capture Interpolation\IDE-starter\VS2010\Release\vc120.pdb'; linking object as if no debug info
     1>fltk.lib(fl_shortcut.obj) : warning LNK4099: PDB 'vc120.pdb' was not found with 'fltk.lib(fl_shortcut.obj)' or at 'D:\DC\Github\Computer-Animation\Motion Capture Interpolation\IDE-starter\VS2010\Release\vc120.pdb'; linking object as if no debug info
     1>fltk.lib(Fl_Single_Window.obj) : warning LNK4099: PDB 'vc120.pdb' was not found with 'fltk.lib(Fl_Single_Window.obj)' or at 'D:\DC\Github\Computer-Animation\Motion Capture Interpolation\IDE-starter\VS2010\Release\vc120.pdb'; linking object as if no debug info
     1>fltk.lib(Fl_Slider.obj) : warning LNK4099: PDB 'vc120.pdb' was not found with 'fltk.lib(Fl_Slider.obj)' or at 'D:\DC\Github\Computer-Animation\Motion Capture Interpolation\IDE-starter\VS2010\Release\vc120.pdb'; linking object as if no debug info
     1>fltk.lib(fl_symbols.obj) : warning LNK4099: PDB 'vc120.pdb' was not found with 'fltk.lib(fl_symbols.obj)' or at 'D:\DC\Github\Computer-Animation\Motion Capture Interpolation\IDE-starter\VS2010\Release\vc120.pdb'; linking object as if no debug info
     1>fltk.lib(Fl_Tile.obj) : warning LNK4099: PDB 'vc120.pdb' was not found with 'fltk.lib(Fl_Tile.obj)' or at 'D:\DC\Github\Computer-Animation\Motion Capture Interpolation\IDE-starter\VS2010\Release\vc120.pdb'; linking object as if no debug info
     1>fltk.lib(Fl_Tiled_Image.obj) : warning LNK4099: PDB 'vc120.pdb' was not found with 'fltk.lib(Fl_Tiled_Image.obj)' or at 'D:\DC\Github\Computer-Animation\Motion Capture Interpolation\IDE-starter\VS2010\Release\vc120.pdb'; linking object as if no debug info
     1>fltk.lib(Fl_Tooltip.obj) : warning LNK4099: PDB 'vc120.pdb' was not found with 'fltk.lib(Fl_Tooltip.obj)' or at 'D:\DC\Github\Computer-Animation\Motion Capture Interpolation\IDE-starter\VS2010\Release\vc120.pdb'; linking object as if no debug info
     1>fltk.lib(fl_utf.obj) : warning LNK4099: PDB 'vc120.pdb' was not found with 'fltk.lib(fl_utf.obj)' or at 'D:\DC\Github\Computer-Animation\Motion Capture Interpolation\IDE-starter\VS2010\Release\vc120.pdb'; linking object as if no debug info
     1>fltk.lib(fl_utf8.obj) : warning LNK4099: PDB 'vc120.pdb' was not found with 'fltk.lib(fl_utf8.obj)' or at 'D:\DC\Github\Computer-Animation\Motion Capture Interpolation\IDE-starter\VS2010\Release\vc120.pdb'; linking object as if no debug info
     1>fltk.lib(Fl_Valuator.obj) : warning LNK4099: PDB 'vc120.pdb' was not found with 'fltk.lib(Fl_Valuator.obj)' or at 'D:\DC\Github\Computer-Animation\Motion Capture Interpolation\IDE-starter\VS2010\Release\vc120.pdb'; linking object as if no debug info
     1>fltk.lib(Fl_Value_Input.obj) : warning LNK4099: PDB 'vc120.pdb' was not found with 'fltk.lib(Fl_Value_Input.obj)' or at 'D:\DC\Github\Computer-Animation\Motion Capture Interpolation\IDE-starter\VS2010\Release\vc120.pdb'; linking object as if no debug info
     1>fltk.lib(Fl_Value_Slider.obj) : warning LNK4099: PDB 'vc120.pdb' was not found with 'fltk.lib(Fl_Value_Slider.obj)' or at 'D:\DC\Github\Computer-Animation\Motion Capture Interpolation\IDE-starter\VS2010\Release\vc120.pdb'; linking object as if no debug info
     1>fltk.lib(fl_vertex.obj) : warning LNK4099: PDB 'vc120.pdb' was not found with 'fltk.lib(fl_vertex.obj)' or at 'D:\DC\Github\Computer-Animation\Motion Capture Interpolation\IDE-starter\VS2010\Release\vc120.pdb'; linking object as if no debug info
     1>fltk.lib(Fl_Widget.obj) : warning LNK4099: PDB 'vc120.pdb' was not found with 'fltk.lib(Fl_Widget.obj)' or at 'D:\DC\Github\Computer-Animation\Motion Capture Interpolation\IDE-starter\VS2010\Release\vc120.pdb'; linking object as if no debug info
     1>fltk.lib(Fl_Window.obj) : warning LNK4099: PDB 'vc120.pdb' was not found with 'fltk.lib(Fl_Window.obj)' or at 'D:\DC\Github\Computer-Animation\Motion Capture Interpolation\IDE-starter\VS2010\Release\vc120.pdb'; linking object as if no debug info
     1>fltk.lib(Fl_Window_hotspot.obj) : warning LNK4099: PDB 'vc120.pdb' was not found with 'fltk.lib(Fl_Window_hotspot.obj)' or at 'D:\DC\Github\Computer-Animation\Motion Capture Interpolation\IDE-starter\VS2010\Release\vc120.pdb'; linking object as if no debug info
     1>fltk.lib(Fl_XBM_Image.obj) : warning LNK4099: PDB 'vc120.pdb' was not found with 'fltk.lib(Fl_XBM_Image.obj)' or at 'D:\DC\Github\Computer-Animation\Motion Capture Interpolation\IDE-starter\VS2010\Release\vc120.pdb'; linking object as if no debug info
     1>fltk.lib(Fl_XPM_Image.obj) : warning LNK4099: PDB 'vc120.pdb' was not found with 'fltk.lib(Fl_XPM_Image.obj)' or at 'D:\DC\Github\Computer-Animation\Motion Capture Interpolation\IDE-starter\VS2010\Release\vc120.pdb'; linking object as if no debug info
     1>fltk.lib(flstring.obj) : warning LNK4099: PDB 'vc120.pdb' was not found with 'fltk.lib(flstring.obj)' or at 'D:\DC\Github\Computer-Animation\Motion Capture Interpolation\IDE-starter\VS2010\Release\vc120.pdb'; linking object as if no debug info
     1>fltk.lib(is_spacing.obj) : warning LNK4099: PDB 'vc120.pdb' was not found with 'fltk.lib(is_spacing.obj)' or at 'D:\DC\Github\Computer-Animation\Motion Capture Interpolation\IDE-starter\VS2010\Release\vc120.pdb'; linking object as if no debug info
     1>fltk.lib(numericsort.obj) : warning LNK4099: PDB 'vc120.pdb' was not found with 'fltk.lib(numericsort.obj)' or at 'D:\DC\Github\Computer-Animation\Motion Capture Interpolation\IDE-starter\VS2010\Release\vc120.pdb'; linking object as if no debug info
     1>fltk.lib(scandir.obj) : warning LNK4099: PDB 'vc120.pdb' was not found with 'fltk.lib(scandir.obj)' or at 'D:\DC\Github\Computer-Animation\Motion Capture Interpolation\IDE-starter\VS2010\Release\vc120.pdb'; linking object as if no debug info
     1>fltk.lib(screen_xywh.obj) : warning LNK4099: PDB 'vc120.pdb' was not found with 'fltk.lib(screen_xywh.obj)' or at 'D:\DC\Github\Computer-Animation\Motion Capture Interpolation\IDE-starter\VS2010\Release\vc120.pdb'; linking object as if no debug info
     1>fltk.lib(vsnprintf.obj) : warning LNK4099: PDB 'vc120.pdb' was not found with 'fltk.lib(vsnprintf.obj)' or at 'D:\DC\Github\Computer-Animation\Motion Capture Interpolation\IDE-starter\VS2010\Release\vc120.pdb'; linking object as if no debug info
     1>fltkgl.lib(Fl_Gl_Choice.obj) : warning LNK4099: PDB 'vc120.pdb' was not found with 'fltkgl.lib(Fl_Gl_Choice.obj)' or at 'D:\DC\Github\Computer-Animation\Motion Capture Interpolation\IDE-starter\VS2010\Release\vc120.pdb'; linking object as if no debug info
     1>fltkgl.lib(Fl_Gl_Device_Plugin.obj) : warning LNK4099: PDB 'vc120.pdb' was not found with 'fltkgl.lib(Fl_Gl_Device_Plugin.obj)' or at 'D:\DC\Github\Computer-Animation\Motion Capture Interpolation\IDE-starter\VS2010\Release\vc120.pdb'; linking object as if no debug info
     1>fltkgl.lib(Fl_Gl_Window.obj) : warning LNK4099: PDB 'vc120.pdb' was not found with 'fltkgl.lib(Fl_Gl_Window.obj)' or at 'D:\DC\Github\Computer-Animation\Motion Capture Interpolation\IDE-starter\VS2010\Release\vc120.pdb'; linking object as if no debug info
     1>fltkgl.lib(gl_draw.obj) : warning LNK4099: PDB 'vc120.pdb' was not found with 'fltkgl.lib(gl_draw.obj)' or at 'D:\DC\Github\Computer-Animation\Motion Capture Interpolation\IDE-starter\VS2010\Release\vc120.pdb'; linking object as if no debug info
         mocapPlayer.vcxproj -> D:\DC\Github\Computer-Animation\Motion Capture Interpolation\IDE-starter\VS2010\Release\mocapPlayer.exe
     1>Done Building Project "D:\DC\Github\Computer-Animation\Motion Capture Interpolation\IDE-starter\VS2010\mocapPlayer\mocapPlayer.vcxproj" (Build target(s)).

Build succeeded.

Time Elapsed 00:00:01.36
