Build started 2015/4/7 下午 06:51:44.
     1>Project "D:\DC\Github\Computer-Animation\Jello\VS2013\Jello\Jello.vcxproj" on node 2 (Build target(s)).
     1>ClCompile:
         C:\Program Files (x86)\Microsoft Visual Studio 12.0\VC\bin\CL.exe /c /Zi /nologo /W3 /WX- /sdl /O2 /Oi /Oy- /GL /D WIN32 /D _CRT_SECURE_NO_WARNINGS /D NDEBUG /D _CONSOLE /D _LIB /D _UNICODE /D UNICODE /Gm- /EHsc /MD /GS /Gy /fp:precise /Zc:wchar_t /Zc:forScope /Fo"Release\\" /Fd"Release\vc120.pdb" /Gd /TP /analyze- /errorReport:prompt input.cpp jello.cpp performanceCounter.cpp physics.cpp pic.cpp ppm.cpp showCube.cpp Source.cpp
         input.cpp
         jello.cpp
     1>jello.cpp(50): warning C4101: 'i' : unreferenced local variable
     1>jello.cpp(87): warning C4101: 'i' : unreferenced local variable
     1>jello.cpp(87): warning C4101: 'lenghOfState' : unreferenced local variable
         performanceCounter.cpp
         physics.cpp
         pic.cpp
     1>pic.cpp(53): warning C4101: 'i' : unreferenced local variable
     1>pic.cpp(52): warning C4101: 'byte' : unreferenced local variable
         ppm.cpp
         showCube.cpp
         Source.cpp
       Link:
         C:\Program Files (x86)\Microsoft Visual Studio 12.0\VC\bin\link.exe /ERRORREPORT:PROMPT /OUT:"D:\DC\Github\Computer-Animation\Jello\VS2013\Release\Jello.exe" /INCREMENTAL:NO /NOLOGO kernel32.lib user32.lib gdi32.lib winspool.lib comdlg32.lib advapi32.lib shell32.lib ole32.lib oleaut32.lib uuid.lib odbc32.lib odbccp32.lib /MANIFEST /MANIFESTUAC:"level='asInvoker' uiAccess='false'" /manifest:embed /DEBUG /PDB:"D:\DC\Github\Computer-Animation\Jello\VS2013\Release\Jello.pdb" /SUBSYSTEM:CONSOLE /OPT:REF /OPT:ICF /LTCG /TLBID:1 /DYNAMICBASE /NXCOMPAT /IMPLIB:"D:\DC\Github\Computer-Animation\Jello\VS2013\Release\Jello.lib" /MACHINE:X86 /SAFESEH Release\input.obj
         Release\jello.obj
         Release\performanceCounter.obj
         Release\physics.obj
         Release\pic.obj
         Release\ppm.obj
         Release\showCube.obj
         Release\Source.obj
         Generating code
         Finished generating code
         Jello.vcxproj -> D:\DC\Github\Computer-Animation\Jello\VS2013\Release\Jello.exe
     1>Done Building Project "D:\DC\Github\Computer-Animation\Jello\VS2013\Jello\Jello.vcxproj" (Build target(s)).

Build succeeded.

Time Elapsed 00:00:02.22
